<?xml version="1.0" encoding="UTF-8" ?>
<testsuites errors="1"
            failures="1"
            tests="1">

  <testsuite name="test_smoke"
    errors="1" failures="1" hostname="" id="" package="test_smoke" skipped="0"
    tests="1" time="5.886" timestamp="">

    <testcase name="Test opening site" classname="test_smoke" time="5.886" assertions="4">





      <failure message="Testing if element [0;33m&lt;button#sign-in-button&gt;[0m is visible in 5000ms - expected [0;32m&#34;is visible&#34;[0m but got: [0;31m&#34;element could not be located&#34;[0m [0;90m(5078ms)[0m">    at Object.Test opening site (/Users/trevorstevenson/Developer/SeniorDesign/senior-design/ReactAndFlask/reactfrontend/src/tests/test_smoke.js:8:21)
    at processTicksAndRejections (internal/process/task_queues.js:97:5)</failure>


      <failure message="    at Object.Test opening site (/Users/trevorstevenson/Developer/SeniorDesign/senior-design/ReactAndFlask/reactfrontend/src/tests/test_smoke.js:8:21)">    at processTicksAndRejections (internal/process/task_queues.js:97:5)</failure>
      <error message="Error while running &#34;visible&#34; command: Testing if element [0;33m&lt;button#sign-in-button&gt;[0m is visible in 5000ms - expected [0;32m&#34;is visible&#34;[0m but got: [0;31m&#34;element could not be located&#34;[0m [0;90m(5078ms)[0m" type="error">    at processTicksAndRejections (internal/process/task_queues.js:97:5)</error>

    </testcase>



    <system-err>
      [0;31m  NoSuchElementError: An error occurred while running .isVisible() command on &lt;button.create-model&gt;: undefined; undefined
   {&#34;value&#34;:[]}[0m
[0;90m       at processTicksAndRejections (internal/process/task_queues.js:97:5)[0m
[0;31m  NoSuchElementError: An error occurred while running .isVisible() command on &lt;button#sign-in-button&gt;: undefined; undefined
   {&#34;value&#34;:[]}[0m
[0;90m       at processTicksAndRejections (internal/process/task_queues.js:97:5)[0m
    </system-err>



  </testsuite>
</testsuites>
